Building DifferenceCoverSample
  Building sPrime
  Building sPrimeOrder
  V-Sorting samples
  V-Sorting samples time: 00:00:58
  Allocating rank array
  Ranking v-sort output
  Ranking v-sort output time: 00:00:14
  Invoking Larsson-Sadakane on ranks
  Invoking Larsson-Sadakane on ranks time: 00:00:25
  Sanity-checking and returning
Building samples
Reserving space for 12 sample suffixes
Generating random suffixes
QSorting 12 sample offsets, eliminating duplicates
QSorting sample offsets, eliminating duplicates time: 00:00:00
Multikey QSorting 12 samples
  (Using difference cover)
  Multikey QSorting samples time: 00:00:00
Calculating bucket sizes
Splitting and merging
  Splitting and merging time: 00:00:00
Split 1, merged 6; iterating...
Splitting and merging
  Splitting and merging time: 00:00:00
Split 1, merged 1; iterating...
Splitting and merging
  Splitting and merging time: 00:00:00
Avg bucket size: 3.79232e+08 (target: 497741583)
Getting block 1 of 7
  Reserving size (497741584) for bucket 1
  Calculating Z arrays for bucket 1
  Entering block accumulator loop for bucket 1:
  bucket 1: 10%
  bucket 1: 20%
  bucket 1: 30%
  bucket 1: 40%
  bucket 1: 50%
  bucket 1: 60%
  bucket 1: 70%
  bucket 1: 80%
  bucket 1: 90%
  bucket 1: 100%
  Sorting block of length 310145991 for bucket 1
  (Using difference cover)
  Sorting block time: 00:02:06
Returning block of 310145992 for bucket 1
Getting block 2 of 7
  Reserving size (497741584) for bucket 2
  Calculating Z arrays for bucket 2
  Entering block accumulator loop for bucket 2:
  bucket 2: 10%
  bucket 2: 20%
  bucket 2: 30%
  bucket 2: 40%
  bucket 2: 50%
  bucket 2: 60%
  bucket 2: 70%
  bucket 2: 80%
  bucket 2: 90%
  bucket 2: 100%
  Sorting block of length 471835069 for bucket 2
  (Using difference cover)
  Sorting block time: 00:03:21
Returning block of 471835070 for bucket 2
Getting block 3 of 7
  Reserving size (497741584) for bucket 3
  Calculating Z arrays for bucket 3
  Entering block accumulator loop for bucket 3:
  bucket 3: 10%
  bucket 3: 20%
  bucket 3: 30%
  bucket 3: 40%
  bucket 3: 50%
  bucket 3: 60%
  bucket 3: 70%
  bucket 3: 80%
  bucket 3: 90%
  bucket 3: 100%
  Sorting block of length 467426387 for bucket 3
  (Using difference cover)
  Sorting block time: 00:03:10
Returning block of 467426388 for bucket 3
Getting block 4 of 7
  Reserving size (497741584) for bucket 4
  Calculating Z arrays for bucket 4
  Entering block accumulator loop for bucket 4:
  bucket 4: 10%
  bucket 4: 20%
  bucket 4: 30%
  bucket 4: 40%
  bucket 4: 50%
  bucket 4: 60%
  bucket 4: 70%
  bucket 4: 80%
  bucket 4: 90%
  bucket 4: 100%
  Sorting block of length 332915072 for bucket 4
  (Using difference cover)
  Sorting block time: 00:02:14
Returning block of 332915073 for bucket 4
Getting block 5 of 7
  Reserving size (497741584) for bucket 5
  Calculating Z arrays for bucket 5
  Entering block accumulator loop for bucket 5:
  bucket 5: 10%
  bucket 5: 20%
  bucket 5: 30%
  bucket 5: 40%
  bucket 5: 50%
  bucket 5: 60%
  bucket 5: 70%
  bucket 5: 80%
  bucket 5: 90%
  bucket 5: 100%
  Sorting block of length 478264074 for bucket 5
  (Using difference cover)
  Sorting block time: 00:03:14
Returning block of 478264075 for bucket 5
Getting block 6 of 7
  Reserving size (497741584) for bucket 6
  Calculating Z arrays for bucket 6
  Entering block accumulator loop for bucket 6:
  bucket 6: 10%
  bucket 6: 20%
  bucket 6: 30%
  bucket 6: 40%
  bucket 6: 50%
  bucket 6: 60%
  bucket 6: 70%
  bucket 6: 80%
  bucket 6: 90%
  bucket 6: 100%
  Sorting block of length 486239165 for bucket 6
  (Using difference cover)
  Sorting block time: 00:03:19
Returning block of 486239166 for bucket 6
Getting block 7 of 7
  Reserving size (497741584) for bucket 7
  Calculating Z arrays for bucket 7
  Entering block accumulator loop for bucket 7:
  bucket 7: 10%
  bucket 7: 20%
  bucket 7: 30%
  bucket 7: 40%
  bucket 7: 50%
  bucket 7: 60%
  bucket 7: 70%
  bucket 7: 80%
  bucket 7: 90%
  bucket 7: 100%
  Sorting block of length 107796019 for bucket 7
  (Using difference cover)
  Sorting block time: 00:00:45
Returning block of 107796020 for bucket 7
Alignment for SRR7821918 completed. BAM file created.
Alignment for SRR7821919 completed. BAM file created.
Alignment for SRR7821920 completed. BAM file created.
Alignment for SRR7821921 completed. BAM file created.
Alignment for SRR7821922 completed. BAM file created.
Alignment for SRR7821937 completed. BAM file created.
Alignment for SRR7821938 completed. BAM file created.
Alignment for SRR7821939 completed. BAM file created.
Alignment for SRR7821949 completed. BAM file created.
Alignment for SRR7821950 completed. BAM file created.
Alignment for SRR7821951 completed. BAM file created.
Alignment for SRR7821952 completed. BAM file created.
Alignment for SRR7821953 completed. BAM file created.
Alignment for SRR7821968 completed. BAM file created.
Alignment for SRR7821969 completed. BAM file created.
Alignment for SRR7821970 completed. BAM file created.
